<?xml version="1.0" encoding="UTF-8"?>
<testng-results ignored="1" total="2" passed="1" failed="0" skipped="0">
  <reporter-output>
  </reporter-output>
  <suite started-at="2024-03-27T12:59:20Z" name="Default suite" finished-at="2024-03-27T12:59:20Z" duration-ms="50">
    <groups>
    </groups>
    <test started-at="2024-03-27T12:59:20Z" name="Default test" finished-at="2024-03-27T12:59:20Z" duration-ms="50">
      <class name="SeleniumCode.Demo">
        <test-method signature="test()[pri:0, instance:SeleniumCode.Demo@1a75e76a]" started-at="2024-03-27T18:29:20Z" name="test" finished-at="2024-03-27T18:29:20Z" duration-ms="14" status="PASS">
          <reporter-output>
          </reporter-output>
        </test-method> <!-- test -->
      </class> <!-- SeleniumCode.Demo -->
    </test> <!-- Default test -->
  </suite> <!-- Default suite -->
</testng-results>
